app/build/intermediates/manifest_merge_blame_file/release/manifest-merger-blame-release-report.txt
1<?xml version="1.0" encoding="utf-8"?>
2<manifest xmlns:android="http://schemas.android.com/apk/res/android"
3    package="com.tuempresa.appbase"
4    android:versionCode="5"
5    android:versionName="1.3" >
6
7    <uses-sdk
8        android:minSdkVersion="24"
9        android:targetSdkVersion="34" />
10
11    <permission
11-->[androidx.core:core:1.12.0] AndroidManifest.xml:22:5-24:47
12        android:name="com.tuempresa.appbase.DYNAMIC_RECEIVER_NOT_EXPORTED_PERMISSION"
12-->[androidx.core:core:1.12.0] AndroidManifest.xml:23:9-81
13        android:protectionLevel="signature" />
13-->[androidx.core:core:1.12.0] AndroidManifest.xml:24:9-44
14
15    <uses-permission android:name="com.tuempresa.appbase.DYNAMIC_RECEIVER_NOT_EXPORTED_PERMISSION" />
15-->[androidx.core:core:1.12.0] AndroidManifest.xml:26:5-97
15-->[androidx.core:core:1.12.0] AndroidManifest.xml:26:22-94
16
17    <application
17-->src/main/AndroidManifest.xml:2:5-11:19
18        android:appComponentFactory="androidx.core.app.CoreComponentFactory"
18-->[androidx.core:core:1.12.0] AndroidManifest.xml:28:18-86
19        android:extractNativeLibs="false"
20        android:icon="@mipmap/ic_launcher"
20-->src/main/AndroidManifest.xml:4:9-43
21        android:label="App Base" >
21-->src/main/AndroidManifest.xml:3:9-33
22        <activity
22-->src/main/AndroidManifest.xml:5:9-10:20
23            android:name="com.tuempresa.appbase.MainActivity"
23-->src/main/AndroidManifest.xml:5:19-47
24            android:exported="true" >
24-->src/main/AndroidManifest.xml:5:48-71
25            <intent-filter>
25-->src/main/AndroidManifest.xml:6:13-9:29
26                <action android:name="android.intent.action.MAIN" />
26-->src/main/AndroidManifest.xml:7:17-68
26-->src/main/AndroidManifest.xml:7:25-66
27
28                <category android:name="android.intent.category.LAUNCHER" />
28-->src/main/AndroidManifest.xml:8:17-76
28-->src/main/AndroidManifest.xml:8:27-74
29            </intent-filter>
30        </activity>
31
32        <provider
32-->[androidx.emoji2:emoji2:1.3.0] AndroidManifest.xml:24:9-32:20
33            android:name="androidx.startup.InitializationProvider"
33-->[androidx.emoji2:emoji2:1.3.0] AndroidManifest.xml:25:13-67
34            android:authorities="com.tuempresa.appbase.androidx-startup"
34-->[androidx.emoji2:emoji2:1.3.0] AndroidManifest.xml:26:13-68
35            android:exported="false" >
35-->[androidx.emoji2:emoji2:1.3.0] AndroidManifest.xml:27:13-37
36            <meta-data
36-->[androidx.emoji2:emoji2:1.3.0] AndroidManifest.xml:29:13-31:52
37                android:name="androidx.emoji2.text.EmojiCompatInitializer"
37-->[androidx.emoji2:emoji2:1.3.0] AndroidManifest.xml:30:17-75
38                android:value="androidx.startup" />
38-->[androidx.emoji2:emoji2:1.3.0] AndroidManifest.xml:31:17-49
39            <meta-data
39-->[androidx.lifecycle:lifecycle-process:2.6.1] AndroidManifest.xml:29:13-31:52
40                android:name="androidx.lifecycle.ProcessLifecycleInitializer"
40-->[androidx.lifecycle:lifecycle-process:2.6.1] AndroidManifest.xml:30:17-78
41                android:value="androidx.startup" />
41-->[androidx.lifecycle:lifecycle-process:2.6.1] AndroidManifest.xml:31:17-49
42            <meta-data
42-->[androidx.profileinstaller:profileinstaller:1.3.0] AndroidManifest.xml:29:13-31:52
43                android:name="androidx.profileinstaller.ProfileInstallerInitializer"
43-->[androidx.profileinstaller:profileinstaller:1.3.0] AndroidManifest.xml:30:17-85
44                android:value="androidx.startup" />
44-->[androidx.profileinstaller:profileinstaller:1.3.0] AndroidManifest.xml:31:17-49
45        </provider>
46
47        <receiver
47-->[androidx.profileinstaller:profileinstaller:1.3.0] AndroidManifest.xml:34:9-52:20
48            android:name="androidx.profileinstaller.ProfileInstallReceiver"
48-->[androidx.profileinstaller:profileinstaller:1.3.0] AndroidManifest.xml:35:13-76
49            android:directBootAware="false"
49-->[androidx.profileinstaller:profileinstaller:1.3.0] AndroidManifest.xml:36:13-44
50            android:enabled="true"
50-->[androidx.profileinstaller:profileinstaller:1.3.0] AndroidManifest.xml:37:13-35
51            android:exported="true"
51-->[androidx.profileinstaller:profileinstaller:1.3.0] AndroidManifest.xml:38:13-36
52            android:permission="android.permission.DUMP" >
52-->[androidx.profileinstaller:profileinstaller:1.3.0] AndroidManifest.xml:39:13-57
53            <intent-filter>
53-->[androidx.profileinstaller:profileinstaller:1.3.0] AndroidManifest.xml:40:13-42:29
54                <action android:name="androidx.profileinstaller.action.INSTALL_PROFILE" />
54-->[androidx.profileinstaller:profileinstaller:1.3.0] AndroidManifest.xml:41:17-91
54-->[androidx.profileinstaller:profileinstaller:1.3.0] AndroidManifest.xml:41:25-88
55            </intent-filter>
56            <intent-filter>
56-->[androidx.profileinstaller:profileinstaller:1.3.0] AndroidManifest.xml:43:13-45:29
57                <action android:name="androidx.profileinstaller.action.SKIP_FILE" />
57-->[androidx.profileinstaller:profileinstaller:1.3.0] AndroidManifest.xml:44:17-85
57-->[androidx.profileinstaller:profileinstaller:1.3.0] AndroidManifest.xml:44:25-82
58            </intent-filter>
59            <intent-filter>
59-->[androidx.profileinstaller:profileinstaller:1.3.0] AndroidManifest.xml:46:13-48:29
60                <action android:name="androidx.profileinstaller.action.SAVE_PROFILE" />
60-->[androidx.profileinstaller:profileinstaller:1.3.0] AndroidManifest.xml:47:17-88
60-->[androidx.profileinstaller:profileinstaller:1.3.0] AndroidManifest.xml:47:25-85
61            </intent-filter>
62            <intent-filter>
62-->[androidx.profileinstaller:profileinstaller:1.3.0] AndroidManifest.xml:49:13-51:29
63                <action android:name="androidx.profileinstaller.action.BENCHMARK_OPERATION" />
63-->[androidx.profileinstaller:profileinstaller:1.3.0] AndroidManifest.xml:50:17-95
63-->[androidx.profileinstaller:profileinstaller:1.3.0] AndroidManifest.xml:50:25-92
64            </intent-filter>
65        </receiver>
66    </application>
67
68</manifest>